<?xml version="1.0" encoding="UTF-8"?>
<!-- Generated by org.testng.reporters.JUnitReportReporter -->
<testsuite hostname="Meghas-MacBook-Pro.local" failures="0" tests="2" name="DataProviderTest" time="0.009" errors="0" timestamp="2021-11-02T01:10:48 EDT" skipped="0">
  <testcase classname="DataProviderTest" name="myTest" time="0.001"/>
  <system-out/>
  <testcase classname="DataProviderTest" name="myTest" time="0.008"/>
  <system-out/>
</testsuite> <!-- DataProviderTest -->
