<?xml version="1.0" encoding="UTF-8"?>
<!-- Generated by org.testng.reporters.JUnitReportReporter -->
<testsuite hostname="Meghas-MacBook-Pro.local" failures="0" tests="1" name="AnnotationTest" time="0.006" errors="0" timestamp="2021-11-01T04:13:41 EDT" skipped="0">
  <testcase classname="AnnotationTest" name="testCase1" time="0.006"/>
  <system-out/>
</testsuite> <!-- AnnotationTest -->
