<?xml version="1.0" encoding="UTF-8"?>
<!-- Generated by org.testng.reporters.JUnitReportReporter -->
<testsuite hostname="Meghas-MacBook-Pro.local" failures="0" tests="4" name="PriorityTest" time="0.012" errors="0" timestamp="2021-11-01T22:08:53 EDT" skipped="0">
  <testcase classname="PriorityTest" name="d_method" time="0.001"/>
  <system-out/>
  <testcase classname="PriorityTest" name="c_method" time="0.008"/>
  <system-out/>
  <testcase classname="PriorityTest" name="b_method" time="0.001"/>
  <system-out/>
  <testcase classname="PriorityTest" name="a_method" time="0.002"/>
  <system-out/>
</testsuite> <!-- PriorityTest -->
