<?xml version="1.0" encoding="UTF-8"?>
<!-- Generated by org.testng.reporters.JUnitReportReporter -->
<testsuite hostname="Meghas-MacBook-Pro.local" failures="0" tests="2" name="ParametersTest" time="0.015" errors="0" timestamp="2021-11-02T01:12:11 EDT" skipped="0">
  <testcase classname="ParametersTest" name="Sum" time="0.001"/>
  <system-out/>
  <testcase classname="ParametersTest" name="Diff" time="0.014"/>
  <system-out/>
</testsuite> <!-- ParametersTest -->
