<?xml version="1.0" encoding="UTF-8"?>
<!-- Generated by org.testng.reporters.JUnitReportReporter -->
<testsuite hostname="Meghas-MacBook-Pro.local" failures="0" tests="5" name="SafariTestTestNG" time="1.904" errors="0" timestamp="2021-11-02T01:09:37 EDT" skipped="0">
  <testcase classname="SafariTestTestNG" name="testMethod" time="0.472"/>
  <system-out/>
  <testcase classname="SafariTestTestNG" name="testMethod" time="0.306"/>
  <system-out/>
  <testcase classname="SafariTestTestNG" name="testMethod" time="0.824"/>
  <system-out/>
  <testcase classname="SafariTestTestNG" name="navigateTest" time="0.157"/>
  <system-out/>
  <testcase classname="SafariTestTestNG" name="TestLabel" time="0.145"/>
  <system-out/>
</testsuite> <!-- SafariTestTestNG -->
